<?xml version="1.0" encoding="UTF-8"?>
<testng-results skipped="0" failed="0" ignored="0" total="1" passed="1">
  <reporter-output>
  </reporter-output>
  <suite name="Default suite" duration-ms="1901" started-at="2019-11-26T00:14:30Z" finished-at="2019-11-26T00:14:32Z">
    <groups>
    </groups>
    <test name="Default test" duration-ms="1901" started-at="2019-11-26T00:14:30Z" finished-at="2019-11-26T00:14:32Z">
      <class name="com.rest.RestAutomationJsonPlaceHolder.JsonTest">
        <test-method status="PASS" signature="getUserid()[pri:0, instance:com.rest.RestAutomationJsonPlaceHolder.JsonTest@1753acfe]" name="getUserid" duration-ms="1875" started-at="2019-11-26T00:14:30Z" finished-at="2019-11-26T00:14:32Z">
          <reporter-output>
          </reporter-output>
        </test-method> <!-- getUserid -->
      </class> <!-- com.rest.RestAutomationJsonPlaceHolder.JsonTest -->
    </test> <!-- Default test -->
  </suite> <!-- Default suite -->
</testng-results>
